19:10:01.610 [background-preinit] INFO  o.h.v.i.util.Version - [<clinit>,21] - HV000001: Hibernate Validator 6.1.6.Final
19:10:01.626 [restartedMain] INFO  c.r.c.CinemaManagerApplication - [logStarting,55] - Starting CinemaManagerApplication using Java 1.8.0_181 on DESKTOP-T5LNV9M with PID 7960 (D:\Work\WorkSpace\GitWorkSpace\TenShop\resource\CinemaManager\src\CinemaManagerApi - idea\target\classes started by w_rab in D:\Work\WorkSpace\GitWorkSpace\TenShop\resource\CinemaManager\src\CinemaManagerApi - idea)
19:10:01.626 [restartedMain] INFO  c.r.c.CinemaManagerApplication - [logStartupProfileInfo,660] - No active profile set, falling back to default profiles: default
19:10:04.390 [restartedMain] INFO  o.a.c.h.Http11NioProtocol - [log,173] - Initializing ProtocolHandler ["http-nio-9231"]
19:10:04.391 [restartedMain] INFO  o.a.c.c.StandardService - [log,173] - Starting service [Tomcat]
19:10:04.391 [restartedMain] INFO  o.a.c.c.StandardEngine - [log,173] - Starting Servlet engine: [Apache Tomcat/9.0.39]
19:10:04.486 [restartedMain] INFO  o.a.c.c.C.[.[.[/] - [log,173] - Initializing Spring embedded WebApplicationContext
19:10:04.820 [restartedMain] INFO  c.a.d.p.DruidDataSource - [init,985] - {dataSource-1} inited
19:10:05.698 [restartedMain] INFO  o.q.i.StdSchedulerFactory - [instantiate,1220] - Using default implementation for ThreadExecutor
19:10:05.708 [restartedMain] INFO  o.q.c.SchedulerSignalerImpl - [<init>,61] - Initialized Scheduler Signaller of type: class org.quartz.core.SchedulerSignalerImpl
19:10:05.708 [restartedMain] INFO  o.q.c.QuartzScheduler - [<init>,229] - Quartz Scheduler v.2.3.2 created.
19:10:05.709 [restartedMain] INFO  o.q.s.RAMJobStore - [initialize,155] - RAMJobStore initialized.
19:10:05.710 [restartedMain] INFO  o.q.c.QuartzScheduler - [initialize,294] - Scheduler meta-data: Quartz Scheduler (v2.3.2) 'quartzScheduler' with instanceId 'NON_CLUSTERED'
  Scheduler class: 'org.quartz.core.QuartzScheduler' - running locally.
  NOT STARTED.
  Currently in standby mode.
  Number of jobs executed: 0
  Using thread pool 'org.quartz.simpl.SimpleThreadPool' - with 10 threads.
  Using job-store 'org.quartz.simpl.RAMJobStore' - which does not support persistence. and is not clustered.

19:10:05.710 [restartedMain] INFO  o.q.i.StdSchedulerFactory - [instantiate,1374] - Quartz scheduler 'quartzScheduler' initialized from an externally provided properties instance.
19:10:05.710 [restartedMain] INFO  o.q.i.StdSchedulerFactory - [instantiate,1378] - Quartz scheduler version: 2.3.2
19:10:05.711 [restartedMain] INFO  o.q.c.QuartzScheduler - [setJobFactory,2293] - JobFactory set to: org.springframework.scheduling.quartz.SpringBeanJobFactory@4d2c8b99
19:10:05.808 [restartedMain] INFO  o.a.c.h.Http11NioProtocol - [log,173] - Starting ProtocolHandler ["http-nio-9231"]
19:10:05.836 [restartedMain] INFO  o.q.c.QuartzScheduler - [start,547] - Scheduler quartzScheduler_$_NON_CLUSTERED started.
19:10:05.846 [restartedMain] INFO  c.r.c.CinemaManagerApplication - [logStarted,61] - Started CinemaManagerApplication in 4.838 seconds (JVM running for 8.243)
19:14:22.467 [http-nio-9231-exec-1] INFO  o.a.c.c.C.[.[.[/] - [log,173] - Initializing Spring DispatcherServlet 'dispatcherServlet'
19:15:13.441 [http-nio-9231-exec-10] INFO  c.r.c.c.u.JwtUtil - [verify,39] - 登录验证成功!
19:15:15.169 [http-nio-9231-exec-2] INFO  c.r.c.c.u.JwtUtil - [verify,39] - 登录验证成功!
19:15:51.379 [http-nio-9231-exec-5] INFO  c.r.c.c.u.JwtUtil - [verify,39] - 登录验证成功!
19:15:59.876 [http-nio-9231-exec-8] INFO  c.r.c.c.u.JwtUtil - [verify,39] - 登录验证成功!
19:16:10.902 [http-nio-9231-exec-2] INFO  c.r.c.c.u.JwtUtil - [verify,39] - 登录验证成功!
19:16:10.929 [http-nio-9231-exec-4] INFO  c.r.c.c.u.JwtUtil - [verify,39] - 登录验证成功!
19:16:18.659 [http-nio-9231-exec-2] INFO  c.r.c.c.u.JwtUtil - [verify,39] - 登录验证成功!
19:16:30.387 [http-nio-9231-exec-8] INFO  c.r.c.c.u.JwtUtil - [verify,39] - 登录验证成功!
19:16:30.387 [http-nio-9231-exec-5] INFO  c.r.c.c.u.JwtUtil - [verify,39] - 登录验证成功!
19:16:37.214 [http-nio-9231-exec-10] INFO  c.r.c.c.u.JwtUtil - [verify,39] - 登录验证成功!
19:16:38.655 [http-nio-9231-exec-2] INFO  c.r.c.c.u.JwtUtil - [verify,39] - 登录验证成功!
19:17:04.130 [http-nio-9231-exec-10] INFO  c.r.c.c.u.JwtUtil - [verify,39] - 登录验证成功!
19:17:11.070 [http-nio-9231-exec-2] INFO  c.r.c.c.u.JwtUtil - [verify,39] - 登录验证成功!
19:17:12.462 [http-nio-9231-exec-4] INFO  c.r.c.c.u.JwtUtil - [verify,39] - 登录验证成功!
19:17:17.364 [http-nio-9231-exec-7] INFO  c.r.c.c.u.JwtUtil - [verify,39] - 登录验证成功!
19:17:17.364 [http-nio-9231-exec-5] INFO  c.r.c.c.u.JwtUtil - [verify,39] - 登录验证成功!
19:17:25.768 [http-nio-9231-exec-10] INFO  c.r.c.c.u.JwtUtil - [verify,39] - 登录验证成功!
19:17:29.167 [http-nio-9231-exec-3] INFO  c.r.c.c.u.JwtUtil - [verify,39] - 登录验证成功!
19:17:31.450 [http-nio-9231-exec-7] INFO  c.r.c.c.u.JwtUtil - [verify,39] - 登录验证成功!
19:17:43.456 [http-nio-9231-exec-10] INFO  c.r.c.c.u.JwtUtil - [verify,39] - 登录验证成功!
19:17:55.060 [http-nio-9231-exec-4] INFO  c.r.c.c.u.JwtUtil - [verify,39] - 登录验证成功!
19:17:55.060 [http-nio-9231-exec-3] INFO  c.r.c.c.u.JwtUtil - [verify,39] - 登录验证成功!
19:17:55.934 [http-nio-9231-exec-9] INFO  c.r.c.c.u.JwtUtil - [verify,39] - 登录验证成功!
19:17:56.841 [http-nio-9231-exec-7] INFO  c.r.c.c.u.JwtUtil - [verify,39] - 登录验证成功!
19:18:02.708 [http-nio-9231-exec-10] INFO  c.r.c.c.u.JwtUtil - [verify,39] - 登录验证成功!
19:18:21.016 [http-nio-9231-exec-4] INFO  c.r.c.c.u.JwtUtil - [verify,39] - 登录验证成功!
19:18:21.016 [http-nio-9231-exec-3] INFO  c.r.c.c.u.JwtUtil - [verify,39] - 登录验证成功!
