12:49:56.605 [background-preinit] INFO  o.h.v.i.util.Version - [<clinit>,21] - HV000001: Hibernate Validator 6.1.6.Final
12:49:56.611 [restartedMain] INFO  c.r.c.CinemaManagerApplication - [logStarting,55] - Starting CinemaManagerApplication using Java 1.8.0_181 on DESKTOP-T5LNV9M with PID 8560 (D:\Work\WorkSpace\GitWorkSpace\TenShop\resource\CinemaManager\src\CinemaManagerApi - idea\target\classes started by w_rab in D:\Work\WorkSpace\GitWorkSpace\TenShop\resource\CinemaManager\src\CinemaManagerApi - idea)
12:49:56.622 [restartedMain] INFO  c.r.c.CinemaManagerApplication - [logStartupProfileInfo,660] - No active profile set, falling back to default profiles: default
12:49:58.572 [restartedMain] INFO  o.a.c.h.Http11NioProtocol - [log,173] - Initializing ProtocolHandler ["http-nio-9231"]
12:49:58.590 [restartedMain] INFO  o.a.c.c.StandardService - [log,173] - Starting service [Tomcat]
12:49:58.590 [restartedMain] INFO  o.a.c.c.StandardEngine - [log,173] - Starting Servlet engine: [Apache Tomcat/9.0.39]
12:49:58.665 [restartedMain] INFO  o.a.c.c.C.[.[.[/] - [log,173] - Initializing Spring embedded WebApplicationContext
12:49:58.835 [restartedMain] INFO  c.a.d.p.DruidDataSource - [init,985] - {dataSource-1} inited
12:49:59.486 [restartedMain] INFO  o.q.i.StdSchedulerFactory - [instantiate,1220] - Using default implementation for ThreadExecutor
12:49:59.493 [restartedMain] INFO  o.q.c.SchedulerSignalerImpl - [<init>,61] - Initialized Scheduler Signaller of type: class org.quartz.core.SchedulerSignalerImpl
12:49:59.493 [restartedMain] INFO  o.q.c.QuartzScheduler - [<init>,229] - Quartz Scheduler v.2.3.2 created.
12:49:59.493 [restartedMain] INFO  o.q.s.RAMJobStore - [initialize,155] - RAMJobStore initialized.
12:49:59.494 [restartedMain] INFO  o.q.c.QuartzScheduler - [initialize,294] - Scheduler meta-data: Quartz Scheduler (v2.3.2) 'quartzScheduler' with instanceId 'NON_CLUSTERED'
  Scheduler class: 'org.quartz.core.QuartzScheduler' - running locally.
  NOT STARTED.
  Currently in standby mode.
  Number of jobs executed: 0
  Using thread pool 'org.quartz.simpl.SimpleThreadPool' - with 10 threads.
  Using job-store 'org.quartz.simpl.RAMJobStore' - which does not support persistence. and is not clustered.

12:49:59.494 [restartedMain] INFO  o.q.i.StdSchedulerFactory - [instantiate,1374] - Quartz scheduler 'quartzScheduler' initialized from an externally provided properties instance.
12:49:59.494 [restartedMain] INFO  o.q.i.StdSchedulerFactory - [instantiate,1378] - Quartz scheduler version: 2.3.2
12:49:59.494 [restartedMain] INFO  o.q.c.QuartzScheduler - [setJobFactory,2293] - JobFactory set to: org.springframework.scheduling.quartz.SpringBeanJobFactory@589550d5
12:49:59.563 [restartedMain] INFO  o.a.c.h.Http11NioProtocol - [log,173] - Starting ProtocolHandler ["http-nio-9231"]
12:49:59.584 [restartedMain] INFO  o.q.c.QuartzScheduler - [start,547] - Scheduler quartzScheduler_$_NON_CLUSTERED started.
12:49:59.591 [restartedMain] INFO  c.r.c.CinemaManagerApplication - [logStarted,61] - Started CinemaManagerApplication in 3.374 seconds (JVM running for 5.079)
12:53:19.073 [http-nio-9231-exec-1] INFO  o.a.c.c.C.[.[.[/] - [log,173] - Initializing Spring DispatcherServlet 'dispatcherServlet'
12:58:05.660 [http-nio-9231-exec-6] INFO  c.r.c.c.u.JwtUtil - [verify,39] - 登录验证成功!
12:58:07.673 [http-nio-9231-exec-7] INFO  c.r.c.c.u.JwtUtil - [verify,39] - 登录验证成功!
13:00:30.159 [http-nio-9231-exec-5] INFO  c.r.c.c.u.JwtUtil - [verify,39] - 登录验证成功!
13:00:33.633 [http-nio-9231-exec-4] INFO  c.r.c.c.u.JwtUtil - [verify,39] - 登录验证成功!
13:01:13.518 [http-nio-9231-exec-1] INFO  c.r.c.c.u.JwtUtil - [verify,39] - 登录验证成功!
13:01:18.585 [http-nio-9231-exec-9] INFO  c.r.c.c.u.JwtUtil - [verify,39] - 登录验证成功!
13:01:25.127 [http-nio-9231-exec-3] INFO  c.r.c.c.u.JwtUtil - [verify,39] - 登录验证成功!
13:01:25.127 [http-nio-9231-exec-1] INFO  c.r.c.c.u.JwtUtil - [verify,39] - 登录验证成功!
13:01:26.416 [http-nio-9231-exec-9] INFO  c.r.c.c.u.JwtUtil - [verify,39] - 登录验证成功!
13:04:58.757 [http-nio-9231-exec-6] INFO  c.r.c.c.u.JwtUtil - [verify,39] - 登录验证成功!
13:05:00.754 [http-nio-9231-exec-3] INFO  c.r.c.c.u.JwtUtil - [verify,39] - 登录验证成功!
13:05:17.652 [http-nio-9231-exec-7] INFO  c.r.c.c.u.JwtUtil - [verify,39] - 登录验证成功!
13:05:23.276 [http-nio-9231-exec-9] INFO  c.r.c.c.u.JwtUtil - [verify,39] - 登录验证成功!
13:06:21.400 [http-nio-9231-exec-2] INFO  c.r.c.c.u.JwtUtil - [verify,39] - 登录验证成功!
13:06:48.427 [http-nio-9231-exec-10] INFO  c.r.c.c.u.JwtUtil - [verify,39] - 登录验证成功!
13:07:15.003 [http-nio-9231-exec-3] INFO  c.r.c.c.u.JwtUtil - [verify,39] - 登录验证成功!
13:08:29.130 [http-nio-9231-exec-4] INFO  c.r.c.c.u.JwtUtil - [verify,39] - 登录验证成功!
13:08:55.596 [http-nio-9231-exec-6] INFO  c.r.c.c.u.JwtUtil - [verify,39] - 登录验证成功!
13:09:14.017 [http-nio-9231-exec-7] INFO  c.r.c.c.u.JwtUtil - [verify,39] - 登录验证成功!
13:09:16.695 [http-nio-9231-exec-4] INFO  c.r.c.c.u.JwtUtil - [verify,39] - 登录验证成功!
13:09:21.012 [http-nio-9231-exec-2] INFO  c.r.c.c.u.JwtUtil - [verify,39] - 登录验证成功!
13:09:21.012 [http-nio-9231-exec-6] INFO  c.r.c.c.u.JwtUtil - [verify,39] - 登录验证成功!
13:11:12.527 [http-nio-9231-exec-3] INFO  c.r.c.c.u.JwtUtil - [verify,39] - 登录验证成功!
13:11:12.528 [http-nio-9231-exec-8] INFO  c.r.c.c.u.JwtUtil - [verify,39] - 登录验证成功!
13:11:13.391 [http-nio-9231-exec-7] INFO  c.r.c.c.u.JwtUtil - [verify,39] - 登录验证成功!
13:11:14.351 [http-nio-9231-exec-4] INFO  c.r.c.c.u.JwtUtil - [verify,39] - 登录验证成功!
13:11:14.351 [http-nio-9231-exec-9] INFO  c.r.c.c.u.JwtUtil - [verify,39] - 登录验证成功!
13:11:17.407 [http-nio-9231-exec-8] INFO  c.r.c.c.u.JwtUtil - [verify,39] - 登录验证成功!
13:11:19.052 [http-nio-9231-exec-1] INFO  c.r.c.c.u.JwtUtil - [verify,39] - 登录验证成功!
13:11:25.519 [http-nio-9231-exec-4] INFO  c.r.c.c.u.JwtUtil - [verify,39] - 登录验证成功!
13:12:24.964 [http-nio-9231-exec-1] INFO  c.r.c.c.u.JwtUtil - [verify,39] - 登录验证成功!
13:12:35.701 [http-nio-9231-exec-10] INFO  c.r.c.c.u.JwtUtil - [verify,39] - 登录验证成功!
13:12:37.333 [http-nio-9231-exec-9] INFO  c.r.c.c.u.JwtUtil - [verify,39] - 登录验证成功!
13:12:46.318 [http-nio-9231-exec-8] INFO  c.r.c.c.u.JwtUtil - [verify,39] - 登录验证成功!
13:12:46.319 [http-nio-9231-exec-2] INFO  c.r.c.c.u.JwtUtil - [verify,39] - 登录验证成功!
13:14:21.425 [http-nio-9231-exec-9] INFO  c.r.c.c.u.JwtUtil - [verify,39] - 登录验证成功!
13:14:21.426 [http-nio-9231-exec-7] INFO  c.r.c.c.u.JwtUtil - [verify,39] - 登录验证成功!
13:14:26.614 [http-nio-9231-exec-4] INFO  c.r.c.c.u.JwtUtil - [verify,39] - 登录验证成功!
13:15:31.175 [http-nio-9231-exec-6] INFO  c.r.c.c.u.JwtUtil - [verify,39] - 登录验证成功!
13:15:31.176 [http-nio-9231-exec-10] INFO  c.r.c.c.u.JwtUtil - [verify,39] - 登录验证成功!
13:15:33.290 [http-nio-9231-exec-7] INFO  c.r.c.c.u.JwtUtil - [verify,39] - 登录验证成功!
13:15:48.019 [http-nio-9231-exec-4] INFO  c.r.c.c.u.JwtUtil - [verify,39] - 登录验证成功!
13:15:49.658 [http-nio-9231-exec-8] INFO  c.r.c.c.u.JwtUtil - [verify,39] - 登录验证成功!
13:15:52.245 [http-nio-9231-exec-6] INFO  c.r.c.c.u.JwtUtil - [verify,39] - 登录验证成功!
13:15:52.245 [http-nio-9231-exec-10] INFO  c.r.c.c.u.JwtUtil - [verify,39] - 登录验证成功!
13:16:42.319 [http-nio-9231-exec-7] INFO  c.r.c.c.u.JwtUtil - [verify,39] - 登录验证成功!
13:16:51.973 [http-nio-9231-exec-4] INFO  c.r.c.c.u.JwtUtil - [verify,39] - 登录验证成功!
13:16:55.488 [http-nio-9231-exec-1] INFO  c.r.c.c.u.JwtUtil - [verify,39] - 登录验证成功!
13:16:55.489 [http-nio-9231-exec-10] INFO  c.r.c.c.u.JwtUtil - [verify,39] - 登录验证成功!
13:17:05.249 [http-nio-9231-exec-9] INFO  c.r.c.c.u.JwtUtil - [verify,39] - 登录验证成功!
13:18:21.149 [http-nio-9231-exec-3] INFO  c.r.c.c.u.JwtUtil - [verify,39] - 登录验证成功!
14:00:45.197 [http-nio-9231-exec-1] INFO  c.r.c.c.u.JwtUtil - [verify,39] - 登录验证成功!
14:01:58.483 [http-nio-9231-exec-1] INFO  c.r.c.c.u.JwtUtil - [verify,39] - 登录验证成功!
14:02:01.890 [http-nio-9231-exec-8] INFO  c.r.c.c.u.JwtUtil - [verify,39] - 登录验证成功!
14:02:15.730 [http-nio-9231-exec-5] INFO  c.r.c.c.u.JwtUtil - [verify,39] - 登录验证成功!
14:02:19.095 [http-nio-9231-exec-4] INFO  c.r.c.c.u.JwtUtil - [verify,39] - 登录验证成功!
14:02:20.152 [http-nio-9231-exec-9] INFO  c.r.c.c.u.JwtUtil - [verify,39] - 登录验证成功!
14:02:21.549 [http-nio-9231-exec-1] INFO  c.r.c.c.u.JwtUtil - [verify,39] - 登录验证成功!
14:02:22.374 [http-nio-9231-exec-8] INFO  c.r.c.c.u.JwtUtil - [verify,39] - 登录验证成功!
14:02:29.426 [http-nio-9231-exec-6] INFO  c.r.c.c.u.JwtUtil - [verify,39] - 登录验证成功!
14:02:47.501 [http-nio-9231-exec-9] INFO  c.r.c.c.u.JwtUtil - [verify,39] - 登录验证成功!
14:02:49.417 [http-nio-9231-exec-8] INFO  c.r.c.c.u.JwtUtil - [verify,39] - 登录验证成功!
14:02:50.122 [http-nio-9231-exec-10] INFO  c.r.c.c.u.JwtUtil - [verify,39] - 登录验证成功!
14:02:55.001 [http-nio-9231-exec-10] INFO  c.r.c.c.u.JwtUtil - [verify,39] - 登录验证成功!
14:02:56.111 [http-nio-9231-exec-5] INFO  c.r.c.c.u.JwtUtil - [verify,39] - 登录验证成功!
14:03:23.142 [http-nio-9231-exec-4] INFO  c.r.c.c.u.JwtUtil - [verify,39] - 登录验证成功!
14:43:42.959 [SpringContextShutdownHook] INFO  o.q.c.QuartzScheduler - [standby,585] - Scheduler quartzScheduler_$_NON_CLUSTERED paused.
14:43:43.567 [SpringContextShutdownHook] INFO  o.q.c.QuartzScheduler - [shutdown,666] - Scheduler quartzScheduler_$_NON_CLUSTERED shutting down.
14:43:43.568 [SpringContextShutdownHook] INFO  o.q.c.QuartzScheduler - [standby,585] - Scheduler quartzScheduler_$_NON_CLUSTERED paused.
14:43:43.568 [SpringContextShutdownHook] INFO  o.q.c.QuartzScheduler - [shutdown,740] - Scheduler quartzScheduler_$_NON_CLUSTERED shutdown complete.
14:43:43.571 [SpringContextShutdownHook] INFO  c.a.d.p.DruidDataSource - [close,2032] - {dataSource-1} closing ...
14:43:43.577 [SpringContextShutdownHook] INFO  c.a.d.p.DruidDataSource - [close,2104] - {dataSource-1} closed
